<?xml version="1.0" encoding="UTF-8"?>
<testsuite xmlns:xsi="http://www.w3.org/2001/XMLSchema-instance" xsi:noNamespaceSchemaLocation="https://maven.apache.org/surefire/maven-surefire-plugin/xsd/surefire-test-report-3.0.xsd" version="3.0" name="at.fhhagenberg.sqe.elevator.model.IElevatorWrapperTest" time="0.028" tests="19" errors="0" skipped="0" failures="0">
  <properties>
[...]
</properties>
  <testcase name="wrapperCtorTest" classname="at.fhhagenberg.sqe.elevator.model.IElevatorWrapperTest" time="0.001"/>
  <testcase name="setServicesFloorsTest" classname="at.fhhagenberg.sqe.elevator.model.IElevatorWrapperTest" time="0"/>
  <testcase name="getFloorNumTest" classname="at.fhhagenberg.sqe.elevator.model.IElevatorWrapperTest" time="0"/>
  <testcase name="getClockTickTest" classname="at.fhhagenberg.sqe.elevator.model.IElevatorWrapperTest" time="0"/>
  <testcase name="getFloorHeightTest" classname="at.fhhagenberg.sqe.elevator.model.IElevatorWrapperTest" time="0.001"/>
  <testcase name="getElevatorNumTest" classname="at.fhhagenberg.sqe.elevator.model.IElevatorWrapperTest" time="0"/>
  <testcase name="getElevatorButtonTest" classname="at.fhhagenberg.sqe.elevator.model.IElevatorWrapperTest" time="0"/>
  <testcase name="getElevatorPositionTest" classname="at.fhhagenberg.sqe.elevator.model.IElevatorWrapperTest" time="0"/>
  <testcase name="getServicesFloorsTest" classname="at.fhhagenberg.sqe.elevator.model.IElevatorWrapperTest" time="0"/>
  <testcase name="getFloorButtonUpTest" classname="at.fhhagenberg.sqe.elevator.model.IElevatorWrapperTest" time="0.001"/>
  <testcase name="getElevatorAccelTest" classname="at.fhhagenberg.sqe.elevator.model.IElevatorWrapperTest" time="0.001"/>
  <testcase name="getElevatorCapacityTest" classname="at.fhhagenberg.sqe.elevator.model.IElevatorWrapperTest" time="0"/>
  <testcase name="getElevatorFloorTest" classname="at.fhhagenberg.sqe.elevator.model.IElevatorWrapperTest" time="0.001"/>
  <testcase name="getElevatorSpeedTest" classname="at.fhhagenberg.sqe.elevator.model.IElevatorWrapperTest" time="0.002"/>
  <testcase name="getFloorButtonDownTest" classname="at.fhhagenberg.sqe.elevator.model.IElevatorWrapperTest" time="0.001"/>
  <testcase name="setTargetTest" classname="at.fhhagenberg.sqe.elevator.model.IElevatorWrapperTest" time="0.001"/>
  <testcase name="getElevatorDoorStatusTest" classname="at.fhhagenberg.sqe.elevator.model.IElevatorWrapperTest" time="0"/>
  <testcase name="setCommittedDirectionTest" classname="at.fhhagenberg.sqe.elevator.model.IElevatorWrapperTest" time="0"/>
  <testcase name="getElevatorWeightTest" classname="at.fhhagenberg.sqe.elevator.model.IElevatorWrapperTest" time="0.001"/>
</testsuite>